2025-11-17 21:51:02,401 - text_app_logger - INFO - Logger initialized, logs directory: logs
2025-11-17 21:51:02,404 - text_app_logger - INFO - Results directory set to: results
2025-11-17 21:51:02,408 - text_app_logger - INFO - Starting Flask app
2025-11-17 21:51:03,231 - text_app_logger - INFO - Logger initialized, logs directory: logs
2025-11-17 21:51:03,234 - text_app_logger - INFO - Results directory set to: results
2025-11-17 21:51:03,238 - text_app_logger - INFO - Starting Flask app
2025-11-17 21:51:29,205 - text_app_logger - INFO - Home page requested
2025-11-17 21:51:38,224 - text_app_logger - INFO - Received batch 1763416298223507 from prenolan.munsamy@kantar.com, 15 rows
2025-11-17 21:51:38,350 - text_app_logger - INFO - Batch 1763416298223507 queued for processing
2025-11-17 21:58:36,358 - text_app_logger - INFO - Logger initialized, logs directory: logs
2025-11-17 21:58:36,745 - text_app_logger - INFO - Logger initialized, logs directory: logs
2025-11-17 21:58:36,751 - text_app_logger - INFO - Results directory set to: results
2025-11-17 21:58:36,756 - text_app_logger - INFO - Starting Flask app
2025-11-17 21:58:37,575 - text_app_logger - INFO - Logger initialized, logs directory: logs
2025-11-17 21:58:37,580 - text_app_logger - INFO - Results directory set to: results
2025-11-17 21:58:37,583 - text_app_logger - INFO - Starting Flask app
2025-11-17 21:58:41,551 - text_app_logger - INFO - Home page requested
2025-11-17 21:58:50,558 - text_app_logger - INFO - Received batch 1763416730558276 from prenolan.munsamy@kantar.com, 15 rows
2025-11-17 21:58:50,657 - text_app_logger - INFO - Batch 1763416730558276 queued for processing
2025-11-17 21:58:50,660 - text_app_logger - INFO - Queuing batch – batch_id=1763416730558276, email=prenolan.munsamy@kantar.com, num_texts=15
2025-11-17 21:58:50,689 - text_app_logger - INFO - Processing text: 'I love this new smartphone! The camera is amazing '...
2025-11-17 21:58:50,694 - text_app_logger - INFO - Processing text: 'The restaurant service was terrible, food was cold'...
2025-11-17 21:58:50,696 - text_app_logger - INFO - Processing text: 'Scientists discover a new exoplanet that could sup'...
2025-11-17 21:58:50,702 - text_app_logger - INFO - Processing text: 'Stock market crashes due to inflation fears.'...
2025-11-17 21:58:50,710 - text_app_logger - INFO - Processing text: 'This movie was boring and predictable, waste of ti'...
2025-11-17 21:58:50,718 - text_app_logger - INFO - Processing text: 'Great team effort! We won the championship after a'...
2025-11-17 21:58:50,727 - text_app_logger - INFO - Processing text: 'The new restaurant downtown has amazing desserts a'...
2025-11-17 21:58:50,729 - text_app_logger - INFO - Processing text: 'My internet connection has been unstable all week,'...
2025-11-17 21:58:50,746 - text_app_logger - INFO - Batch 1763416730558276 successfully queued
2025-11-17 21:58:50,745 - text_app_logger - INFO - Processing text: 'The government announced new policies to support s'...
2025-11-17 21:58:50,746 - text_app_logger - INFO - Processing text: 'Our football team lost the match, but the fans wer'...
2025-11-17 21:58:50,747 - text_app_logger - INFO - Processing text: 'The latest superhero movie exceeded all expectatio'...
2025-11-17 21:58:50,755 - text_app_logger - INFO - Processing text: 'The app interface is confusing and hard to navigat'...
2025-11-17 21:58:55,479 - text_app_logger - INFO - Completed text classification
2025-11-17 21:58:55,483 - text_app_logger - INFO - Completed text classification
2025-11-17 21:58:55,487 - text_app_logger - INFO - Completed text classification
2025-11-17 21:58:55,496 - text_app_logger - INFO - Processing text: 'Researchers developed a breakthrough treatment for'...
2025-11-17 21:58:55,498 - text_app_logger - INFO - Processing text: 'Prices of electric cars are dropping significantly'...
2025-11-17 21:58:55,499 - text_app_logger - INFO - Processing text: 'The customer service representative was very helpf'...
2025-11-17 21:58:55,498 - text_app_logger - INFO - Completed text classification
2025-11-17 21:58:55,511 - text_app_logger - INFO - Completed text classification
2025-11-17 21:58:55,530 - text_app_logger - INFO - Completed text classification
2025-11-17 21:58:55,553 - text_app_logger - INFO - Completed text classification
2025-11-17 21:58:55,626 - text_app_logger - INFO - Completed text classification
2025-11-17 21:58:55,626 - text_app_logger - INFO - Completed text classification
2025-11-17 21:58:55,626 - text_app_logger - INFO - Completed text classification
2025-11-17 21:58:55,638 - text_app_logger - INFO - Completed text classification
2025-11-17 21:58:55,666 - text_app_logger - INFO - Completed text classification
2025-11-17 21:58:56,706 - text_app_logger - INFO - Completed text classification
2025-11-17 21:58:56,790 - text_app_logger - INFO - Completed text classification
2025-11-17 21:58:57,219 - text_app_logger - INFO - Completed text classification
2025-11-17 21:58:57,246 - text_app_logger - INFO - Batch complete triggered – batch_id=1763416730558276, email=prenolan.munsamy@kantar.com, results=15
2025-11-17 21:58:57,265 - text_app_logger - INFO - Results saved to /usr/src/app/results/1763416730558276.csv
2025-11-17 21:58:58,351 - text_app_logger - INFO - Email sent successfully to prenolan.munsamy@kantar.com
2025-11-17 22:03:54,890 - text_app_logger - INFO - Logger initialized, logs directory: logs
2025-11-17 22:03:55,164 - text_app_logger - INFO - Logger initialized, logs directory: logs
2025-11-17 22:03:55,175 - text_app_logger - INFO - Results directory set to: results
2025-11-17 22:03:55,179 - text_app_logger - INFO - Starting Flask app
2025-11-17 22:03:55,888 - text_app_logger - INFO - Logger initialized, logs directory: logs
2025-11-17 22:03:55,894 - text_app_logger - INFO - Results directory set to: results
2025-11-17 22:03:55,898 - text_app_logger - INFO - Starting Flask app
2025-11-17 22:04:20,400 - text_app_logger - INFO - Home page requested
2025-11-17 22:04:27,262 - text_app_logger - INFO - Received batch 1763417067262326 from prenolan.munsamy@kantar.com, 15 rows
2025-11-17 22:04:27,378 - text_app_logger - INFO - Batch 1763417067262326 queued for processing
2025-11-17 22:04:27,382 - text_app_logger - INFO - Queuing batch – batch_id=1763417067262326, email=prenolan.munsamy@kantar.com, num_texts=15
2025-11-17 22:04:27,413 - text_app_logger - INFO - Processing text: 'I love this new smartphone! The camera is amazing '...
2025-11-17 22:04:27,421 - text_app_logger - INFO - Processing text: 'The restaurant service was terrible, food was cold'...
2025-11-17 22:04:27,426 - text_app_logger - INFO - Processing text: 'Stock market crashes due to inflation fears.'...
2025-11-17 22:04:27,426 - text_app_logger - INFO - Processing text: 'Scientists discover a new exoplanet that could sup'...
2025-11-17 22:04:27,434 - text_app_logger - INFO - Processing text: 'This movie was boring and predictable, waste of ti'...
2025-11-17 22:04:27,436 - text_app_logger - INFO - Processing text: 'Great team effort! We won the championship after a'...
2025-11-17 22:04:27,442 - text_app_logger - INFO - Processing text: 'My internet connection has been unstable all week,'...
2025-11-17 22:04:27,443 - text_app_logger - INFO - Processing text: 'The new restaurant downtown has amazing desserts a'...
2025-11-17 22:04:27,455 - text_app_logger - INFO - Processing text: 'The government announced new policies to support s'...
2025-11-17 22:04:27,458 - text_app_logger - INFO - Processing text: 'The latest superhero movie exceeded all expectatio'...
2025-11-17 22:04:27,461 - text_app_logger - INFO - Batch 1763417067262326 successfully queued
2025-11-17 22:04:27,463 - text_app_logger - INFO - Processing text: 'Our football team lost the match, but the fans wer'...
2025-11-17 22:04:27,477 - text_app_logger - INFO - Processing text: 'The app interface is confusing and hard to navigat'...
2025-11-17 22:04:29,205 - text_app_logger - INFO - Completed text classification
2025-11-17 22:04:29,221 - text_app_logger - INFO - Processing text: 'Researchers developed a breakthrough treatment for'...
2025-11-17 22:04:29,811 - text_app_logger - INFO - Completed text classification
2025-11-17 22:04:29,823 - text_app_logger - INFO - Processing text: 'Prices of electric cars are dropping significantly'...
2025-11-17 22:04:30,120 - text_app_logger - INFO - Completed text classification
2025-11-17 22:04:30,139 - text_app_logger - INFO - Processing text: 'The customer service representative was very helpf'...
2025-11-17 22:04:30,526 - text_app_logger - INFO - Completed text classification
2025-11-17 22:04:30,936 - text_app_logger - INFO - Completed text classification
2025-11-17 22:04:31,372 - text_app_logger - INFO - Completed text classification
2025-11-17 22:04:31,655 - text_app_logger - INFO - Completed text classification
2025-11-17 22:04:31,850 - text_app_logger - INFO - Completed text classification
2025-11-17 22:04:32,189 - text_app_logger - INFO - Completed text classification
2025-11-17 22:04:32,677 - text_app_logger - INFO - Completed text classification
2025-11-17 22:04:33,087 - text_app_logger - INFO - Completed text classification
2025-11-17 22:04:33,091 - text_app_logger - INFO - Completed text classification
2025-11-17 22:04:33,116 - text_app_logger - INFO - Completed text classification
2025-11-17 22:04:33,150 - text_app_logger - INFO - Completed text classification
2025-11-17 22:04:35,338 - text_app_logger - INFO - Completed text classification
2025-11-17 22:04:35,358 - text_app_logger - INFO - Batch complete triggered – batch_id=1763417067262326, email=prenolan.munsamy@kantar.com, results=15
2025-11-17 22:04:35,376 - text_app_logger - INFO - Results saved to /usr/src/app/results/1763417067262326.csv
2025-11-17 22:04:39,129 - text_app_logger - INFO - Email sent successfully to prenolan.munsamy@kantar.com
